Active-HDL 13.0.375.8320 2023-06-28 21:44:21

Elaboration top modules:
Architecture                  TB_ARCHITECTURE(module_moore_tb)


----------------------------------------------------------------------------------------------------------
Entity          | Architecture    | Library      | Info | Compiler Version          | Compilation Options
----------------------------------------------------------------------------------------------------------
module_moore_tb | TB_ARCHITECTURE | MooreMachine |      | 13.0.375.8320 (Windows64) | -O3
module_moore    | Behavioral      | MooreMachine |      | 13.0.375.8320 (Windows64) | -O3
----------------------------------------------------------------------------------------------------------

----------------------------------------------------------------------------------------------------------
VHDL Package                      | Library      | Info | Compiler Version          | Compilation Options
----------------------------------------------------------------------------------------------------------
standard                          | std          |      |                           | <unavailable>
TEXTIO                            | std          |      | 13.0.375.8320 (Windows64) |  -2019
std_logic_1164                    | ieee         |      | 13.0.375.8320 (Windows64) |  -2008
----------------------------------------------------------------------------------------------------------

----------------------------------------------------------------------------------------------------------
Library                           | Comment
----------------------------------------------------------------------------------------------------------
ieee                              | Standard IEEE packages library
MooreMachine                      | None
std                               | Standard VHDL library
----------------------------------------------------------------------------------------------------------
