Active-HDL 13.0.375.8320 2023-07-05 00:17:38

Elaboration top modules:
Architecture                  behavior(tb_RAM_VHDL)


-----------------------------------------------------------------------------------------------------------------
Entity               | Architecture | Library           | Info | Compiler Version          | Compilation Options
-----------------------------------------------------------------------------------------------------------------
tb_RAM_VHDL          | behavior     | project_final_cad |      | 13.0.375.8320 (Windows64) | -dbg
Single_port_RAM_VHDL | Behavioral   | project_final_cad |      | 13.0.375.8320 (Windows64) | -dbg
-----------------------------------------------------------------------------------------------------------------

-----------------------------------------------------------------------------------------------------------------
VHDL Package                        | Library           | Info | Compiler Version          | Compilation Options
-----------------------------------------------------------------------------------------------------------------
standard                            | std               |      |                           | <unavailable>
TEXTIO                              | std               |      | 13.0.375.8320 (Windows64) |  -2019
std_logic_1164                      | ieee              |      | 13.0.375.8320 (Windows64) |  -2008
NUMERIC_STD                         | ieee              |      | 13.0.375.8320 (Windows64) |  -2008
-----------------------------------------------------------------------------------------------------------------

-----------------------------------------------------------------------------------------------------------------
Library                             | Comment
-----------------------------------------------------------------------------------------------------------------
ieee                                | Standard IEEE packages library
project_final_cad                   | None
std                                 | Standard VHDL library
-----------------------------------------------------------------------------------------------------------------
